<?xml version="1.0" encoding="UTF-8"?>
<testng-results ignored="0" total="1" passed="1" failed="0" skipped="0">
  <reporter-output>
  </reporter-output>
  <suite started-at="2023-10-04T21:29:22 IST" name="Default suite" finished-at="2023-10-04T21:29:26 IST" duration-ms="3516">
    <groups>
    </groups>
    <test started-at="2023-10-04T21:29:22 IST" name="Default test" finished-at="2023-10-04T21:29:26 IST" duration-ms="3516">
      <class name="httpsrequets.DELETE">
        <test-method signature="verifystatuscode()[pri:0, instance:httpsrequets.DELETE@312ab28e]" started-at="2023-10-04T21:29:22 IST" name="verifystatuscode" finished-at="2023-10-04T21:29:26 IST" duration-ms="3422" status="PASS">
          <reporter-output>
          </reporter-output>
        </test-method> <!-- verifystatuscode -->
      </class> <!-- httpsrequets.DELETE -->
    </test> <!-- Default test -->
  </suite> <!-- Default suite -->
</testng-results>
